<?xml version="1.0" encoding="UTF-8"?>
<!-- Generated by org.testng.reporters.JUnitReportReporter -->
<testsuite hostname="MacBook-Air-Benjamin.local" failures="0" tests="1" name="venya.google.Test.Googletest" time="20.787" errors="0" timestamp="2023-09-02T13:54:30 EEST" skipped="0">
  <testcase classname="venya.google.Test.Googletest" name="search" time="20.787"/>
</testsuite> <!-- venya.google.Test.Googletest -->
